# JRE version: OpenJDK Runtime Environment Corretto-17.0.6.10.1 (17.0.6+10) (build 17.0.6+10-LTS)
# Java VM: OpenJDK 64-Bit Server VM Corretto-17.0.6.10.1 (17.0.6+10-LTS, mixed mode, sharing, tiered, compressed oops, compressed class ptrs, g1 gc, windows-amd64)
GC Precious Log:
 CPUs: 2 total, 2 available
 Memory: 4000M
 Large Page Support: Disabled
 NUMA Support: Disabled
 Compressed Oops: Enabled (32-bit)
 Heap Region Size: 1M
 Heap Min Capacity: 8M
 Heap Initial Capacity: 64M
 Heap Max Capacity: 1002M
 Pre-touch: Disabled
 Parallel Workers: 2
 Concurrent Workers: 1
 Concurrent Refinement Workers: 2
 Periodic GC: Disabled
Heap:
 garbage-first heap   total 81920K, used 49806K [0x00000000c1600000, 0x0000000100000000)
  region size 1024K, 3 young (3072K), 3 survivors (3072K)
 Metaspace       used 28184K, committed 28544K, reserved 1081344K
  class space    used 3083K, committed 3264K, reserved 1048576K
GC Heap History (20 events):
Event: 128.746 GC heap after
{Heap after GC invocations=14 (full 0):
 garbage-first heap   total 67584K, used 34689K [0x00000000c1600000, 0x0000000100000000)
  region size 1024K, 1 young (1024K), 1 survivors (1024K)
 Metaspace       used 23789K, committed 24128K, reserved 1073152K
  class space    used 2648K, committed 2816K, reserved 1048576K
}
Event: 136.420 GC heap before
{Heap before GC invocations=15 (full 0):
 garbage-first heap   total 67584K, used 51073K [0x00000000c1600000, 0x0000000100000000)
  region size 1024K, 17 young (17408K), 1 survivors (1024K)
 Metaspace       used 24765K, committed 25088K, reserved 1073152K
  class space    used 2750K, committed 2880K, reserved 1048576K
}
Event: 136.470 GC heap after
{Heap after GC invocations=16 (full 0):
 garbage-first heap   total 67584K, used 37288K [0x00000000c1600000, 0x0000000100000000)
  region size 1024K, 2 young (2048K), 2 survivors (2048K)
 Metaspace       used 24765K, committed 25088K, reserved 1073152K
  class space    used 2750K, committed 2880K, reserved 1048576K
}
Event: 140.238 GC heap before
{Heap before GC invocations=16 (full 0):
 garbage-first heap   total 67584K, used 51624K [0x00000000c1600000, 0x0000000100000000)
  region size 1024K, 17 young (17408K), 2 survivors (2048K)
 Metaspace       used 25616K, committed 25984K, reserved 1073152K
  class space    used 2852K, committed 3008K, reserved 1048576K
}
Event: 140.259 GC heap after
{Heap after GC invocations=17 (full 0):
 garbage-first heap   total 67584K, used 37575K [0x00000000c1600000, 0x0000000100000000)
  region size 1024K, 2 young (2048K), 2 survivors (2048K)
 Metaspace       used 25616K, committed 25984K, reserved 1073152K
  class space    used 2852K, committed 3008K, reserved 1048576K
}
Event: 144.020 GC heap before
{Heap before GC invocations=18 (full 0):
 garbage-first heap   total 67584K, used 52935K [0x00000000c1600000, 0x0000000100000000)
  region size 1024K, 17 young (17408K), 2 survivors (2048K)
 Metaspace       used 25907K, committed 26240K, reserved 1073152K
  class space    used 2864K, committed 3008K, reserved 1048576K
}
Event: 144.109 GC heap after
{Heap after GC invocations=19 (full 0):
 garbage-first heap   total 81920K, used 37770K [0x00000000c1600000, 0x0000000100000000)
  region size 1024K, 1 young (1024K), 1 survivors (1024K)
 Metaspace       used 25907K, committed 26240K, reserved 1073152K
  class space    used 2864K, committed 3008K, reserved 1048576K
}
Event: 148.309 GC heap before
{Heap before GC invocations=19 (full 0):
 garbage-first heap   total 81920K, used 64394K [0x00000000c1600000, 0x0000000100000000)
  region size 1024K, 27 young (27648K), 1 survivors (1024K)
 Metaspace       used 26182K, committed 26496K, reserved 1073152K
  class space    used 2866K, committed 3008K, reserved 1048576K
}
Event: 148.323 GC heap after
{Heap after GC invocations=20 (full 0):
 garbage-first heap   total 81920K, used 38190K [0x00000000c1600000, 0x0000000100000000)
  region size 1024K, 1 young (1024K), 1 survivors (1024K)
 Metaspace       used 26182K, committed 26496K, reserved 1073152K
  class space    used 2866K, committed 3008K, reserved 1048576K
}
Event: 159.023 GC heap before
{Heap before GC invocations=21 (full 0):
 garbage-first heap   total 81920K, used 61742K [0x00000000c1600000, 0x0000000100000000)
  region size 1024K, 25 young (25600K), 1 survivors (1024K)
 Metaspace       used 28110K, committed 28544K, reserved 1081344K
  class space    used 3082K, committed 3264K, reserved 1048576K
}
Event: 159.083 GC heap after
{Heap after GC invocations=22 (full 0):
 garbage-first heap   total 81920K, used 38837K [0x00000000c1600000, 0x0000000100000000)
  region size 1024K, 3 young (3072K), 3 survivors (3072K)
 Metaspace       used 28110K, committed 28544K, reserved 1081344K
  class space    used 3082K, committed 3264K, reserved 1048576K
}
Event: 165.643 GC heap before
{Heap before GC invocations=22 (full 0):
 garbage-first heap   total 81920K, used 47029K [0x00000000c1600000, 0x0000000100000000)
  region size 1024K, 11 young (11264K), 3 survivors (3072K)
 Metaspace       used 28123K, committed 28544K, reserved 1081344K
  class space    used 3082K, committed 3264K, reserved 1048576K
}
Event: 165.722 GC heap after
{Heap after GC invocations=23 (full 0):
 garbage-first heap   total 81920K, used 39534K [0x00000000c1600000, 0x0000000100000000)
  region size 1024K, 1 young (1024K), 1 survivors (1024K)
 Metaspace       used 28123K, committed 28544K, reserved 1081344K
  class space    used 3082K, committed 3264K, reserved 1048576K
}
Event: 170.015 GC heap before
{Heap before GC invocations=24 (full 0):
 garbage-first heap   total 81920K, used 68206K [0x00000000c1600000, 0x0000000100000000)
  region size 1024K, 27 young (27648K), 1 survivors (1024K)
 Metaspace       used 28173K, committed 28544K, reserved 1081344K
  class space    used 3083K, committed 3264K, reserved 1048576K
}
Event: 170.178 GC heap after
{Heap after GC invocations=25 (full 0):
 garbage-first heap   total 81920K, used 52345K [0x00000000c1600000, 0x0000000100000000)
  region size 1024K, 4 young (4096K), 4 survivors (4096K)
 Metaspace       used 28173K, committed 28544K, reserved 1081344K
  class space    used 3083K, committed 3264K, reserved 1048576K
}
Event: 170.306 GC heap before
{Heap before GC invocations=25 (full 0):
 garbage-first heap   total 81920K, used 53369K [0x00000000c1600000, 0x0000000100000000)
  region size 1024K, 5 young (5120K), 4 survivors (4096K)
 Metaspace       used 28176K, committed 28544K, reserved 1081344K
  class space    used 3083K, committed 3264K, reserved 1048576K
}
Event: 170.344 GC heap after
{Heap after GC invocations=26 (full 0):
 garbage-first heap   total 81920K, used 46175K [0x00000000c1600000, 0x0000000100000000)
  region size 1024K, 1 young (1024K), 1 survivors (1024K)
 Metaspace       used 28176K, committed 28544K, reserved 1081344K
  class space    used 3083K, committed 3264K, reserved 1048576K
}
Event: 170.715 GC heap before
{Heap before GC invocations=26 (full 0):
 garbage-first heap   total 81920K, used 49247K [0x00000000c1600000, 0x0000000100000000)
  region size 1024K, 4 young (4096K), 1 survivors (1024K)
 Metaspace       used 28178K, committed 28544K, reserved 1081344K
  class space    used 3083K, committed 3264K, reserved 1048576K
}
Event: 170.725 GC heap after
{Heap after GC invocations=27 (full 0):
 garbage-first heap   total 81920K, used 46978K [0x00000000c1600000, 0x0000000100000000)
  region size 1024K, 1 young (1024K), 1 survivors (1024K)
 Metaspace       used 28178K, committed 28544K, reserved 1081344K
  class space    used 3083K, committed 3264K, reserved 1048576K
}
Event: 172.132 GC heap before
{Heap before GC invocations=27 (full 0):
 garbage-first heap   total 81920K, used 56194K [0x00000000c1600000, 0x0000000100000000)
  region size 1024K, 11 young (11264K), 1 survivors (1024K)
 Metaspace       used 28184K, committed 28544K, reserved 1081344K
  class space    used 3083K, committed 3264K, reserved 1048576K
}

