# JRE version: OpenJDK Runtime Environment Corretto-17.0.6.10.1 (17.0.6+10) (build 17.0.6+10-LTS)
# Java VM: OpenJDK 64-Bit Server VM Corretto-17.0.6.10.1 (17.0.6+10-LTS, mixed mode, sharing, tiered, compressed oops, compressed class ptrs, g1 gc, windows-amd64)
GC Precious Log:
 CPUs: 2 total, 2 available
 Memory: 4000M
 Large Page Support: Disabled
 NUMA Support: Disabled
 Compressed Oops: Enabled (32-bit)
 Heap Region Size: 1M
 Heap Min Capacity: 8M
 Heap Initial Capacity: 64M
 Heap Max Capacity: 1002M
 Pre-touch: Disabled
 Parallel Workers: 2
 Concurrent Workers: 1
 Concurrent Refinement Workers: 2
 Periodic GC: Disabled
Heap:
 garbage-first heap   total 87040K, used 55416K [0x00000000c1600000, 0x0000000100000000)
  region size 1024K, 14 young (14336K), 1 survivors (1024K)
 Metaspace       used 27889K, committed 28288K, reserved 1081344K
  class space    used 3054K, committed 3200K, reserved 1048576K
GC Heap History (20 events):
Event: 72.185 GC heap before
{Heap before GC invocations=16 (full 0):
 garbage-first heap   total 66560K, used 49798K [0x00000000c1600000, 0x0000000100000000)
  region size 1024K, 14 young (14336K), 1 survivors (1024K)
 Metaspace       used 25846K, committed 26048K, reserved 1073152K
  class space    used 2860K, committed 2944K, reserved 1048576K
}
Event: 72.190 GC heap after
{Heap after GC invocations=17 (full 0):
 garbage-first heap   total 66560K, used 37569K [0x00000000c1600000, 0x0000000100000000)
  region size 1024K, 1 young (1024K), 1 survivors (1024K)
 Metaspace       used 25846K, committed 26048K, reserved 1073152K
  class space    used 2860K, committed 2944K, reserved 1048576K
}
Event: 72.930 GC heap before
{Heap before GC invocations=17 (full 0):
 garbage-first heap   total 66560K, used 52929K [0x00000000c1600000, 0x0000000100000000)
  region size 1024K, 16 young (16384K), 1 survivors (1024K)
 Metaspace       used 25962K, committed 26240K, reserved 1073152K
  class space    used 2862K, committed 2944K, reserved 1048576K
}
Event: 72.942 GC heap after
{Heap after GC invocations=18 (full 0):
 garbage-first heap   total 66560K, used 37881K [0x00000000c1600000, 0x0000000100000000)
  region size 1024K, 1 young (1024K), 1 survivors (1024K)
 Metaspace       used 25962K, committed 26240K, reserved 1073152K
  class space    used 2862K, committed 2944K, reserved 1048576K
}
Event: 76.558 GC heap before
{Heap before GC invocations=19 (full 0):
 garbage-first heap   total 66560K, used 54265K [0x00000000c1600000, 0x0000000100000000)
  region size 1024K, 17 young (17408K), 1 survivors (1024K)
 Metaspace       used 26148K, committed 26432K, reserved 1073152K
  class space    used 2863K, committed 2944K, reserved 1048576K
}
Event: 76.574 GC heap after
{Heap after GC invocations=20 (full 0):
 garbage-first heap   total 66560K, used 38015K [0x00000000c1600000, 0x0000000100000000)
  region size 1024K, 1 young (1024K), 1 survivors (1024K)
 Metaspace       used 26148K, committed 26432K, reserved 1073152K
  class space    used 2863K, committed 2944K, reserved 1048576K
}
Event: 81.836 GC heap before
{Heap before GC invocations=20 (full 0):
 garbage-first heap   total 66560K, used 54399K [0x00000000c1600000, 0x0000000100000000)
  region size 1024K, 17 young (17408K), 1 survivors (1024K)
 Metaspace       used 27539K, committed 27904K, reserved 1081344K
  class space    used 3026K, committed 3200K, reserved 1048576K
}
Event: 81.870 GC heap after
{Heap after GC invocations=21 (full 0):
 garbage-first heap   total 66560K, used 38976K [0x00000000c1600000, 0x0000000100000000)
  region size 1024K, 2 young (2048K), 2 survivors (2048K)
 Metaspace       used 27539K, committed 27904K, reserved 1081344K
  class space    used 3026K, committed 3200K, reserved 1048576K
}
Event: 87.705 GC heap before
{Heap before GC invocations=22 (full 0):
 garbage-first heap   total 68608K, used 49216K [0x00000000c1600000, 0x0000000100000000)
  region size 1024K, 13 young (13312K), 2 survivors (2048K)
 Metaspace       used 28083K, committed 28480K, reserved 1081344K
  class space    used 3079K, committed 3264K, reserved 1048576K
}
Event: 87.778 GC heap after
{Heap after GC invocations=23 (full 0):
 garbage-first heap   total 68608K, used 38845K [0x00000000c1600000, 0x0000000100000000)
  region size 1024K, 3 young (3072K), 3 survivors (3072K)
 Metaspace       used 28083K, committed 28480K, reserved 1081344K
  class space    used 3079K, committed 3264K, reserved 1048576K
}
Event: 101.711 GC heap before
{Heap before GC invocations=24 (full 0):
 garbage-first heap   total 68608K, used 58301K [0x00000000c1600000, 0x0000000100000000)
  region size 1024K, 20 young (20480K), 3 survivors (3072K)
 Metaspace       used 28127K, committed 28480K, reserved 1081344K
  class space    used 3080K, committed 3264K, reserved 1048576K
}
Event: 102.135 GC heap after
{Heap after GC invocations=25 (full 0):
 garbage-first heap   total 83968K, used 47261K [0x00000000c1600000, 0x0000000100000000)
  region size 1024K, 3 young (3072K), 3 survivors (3072K)
 Metaspace       used 28127K, committed 28480K, reserved 1081344K
  class space    used 3080K, committed 3264K, reserved 1048576K
}
Event: 102.154 GC heap before
{Heap before GC invocations=25 (full 0):
 garbage-first heap   total 83968K, used 48285K [0x00000000c1600000, 0x0000000100000000)
  region size 1024K, 4 young (4096K), 3 survivors (3072K)
 Metaspace       used 28127K, committed 28480K, reserved 1081344K
  class space    used 3080K, committed 3264K, reserved 1048576K
}
Event: 102.223 GC heap after
{Heap after GC invocations=26 (full 0):
 garbage-first heap   total 83968K, used 39486K [0x00000000c1600000, 0x0000000100000000)
  region size 1024K, 1 young (1024K), 1 survivors (1024K)
 Metaspace       used 28127K, committed 28480K, reserved 1081344K
  class space    used 3080K, committed 3264K, reserved 1048576K
}
Event: 105.011 GC heap before
{Heap before GC invocations=26 (full 0):
 garbage-first heap   total 83968K, used 62014K [0x00000000c1600000, 0x0000000100000000)
  region size 1024K, 24 young (24576K), 1 survivors (1024K)
 Metaspace       used 28156K, committed 28480K, reserved 1081344K
  class space    used 3080K, committed 3264K, reserved 1048576K
}
Event: 105.128 GC heap after
{Heap after GC invocations=27 (full 0):
 garbage-first heap   total 83968K, used 46607K [0x00000000c1600000, 0x0000000100000000)
  region size 1024K, 3 young (3072K), 3 survivors (3072K)
 Metaspace       used 28156K, committed 28480K, reserved 1081344K
  class space    used 3080K, committed 3264K, reserved 1048576K
}
Event: 109.376 GC heap before
{Heap before GC invocations=28 (full 0):
 garbage-first heap   total 87040K, used 64015K [0x00000000c1600000, 0x0000000100000000)
  region size 1024K, 19 young (19456K), 3 survivors (3072K)
 Metaspace       used 27177K, committed 27584K, reserved 1081344K
  class space    used 2961K, committed 3200K, reserved 1048576K
}
Event: 109.420 GC heap after
{Heap after GC invocations=29 (full 0):
 garbage-first heap   total 87040K, used 50221K [0x00000000c1600000, 0x0000000100000000)
  region size 1024K, 3 young (3072K), 3 survivors (3072K)
 Metaspace       used 27177K, committed 27584K, reserved 1081344K
  class space    used 2961K, committed 3200K, reserved 1048576K
}
Event: 109.497 GC heap before
{Heap before GC invocations=29 (full 0):
 garbage-first heap   total 87040K, used 50221K [0x00000000c1600000, 0x0000000100000000)
  region size 1024K, 4 young (4096K), 3 survivors (3072K)
 Metaspace       used 27192K, committed 27584K, reserved 1081344K
  class space    used 2968K, committed 3200K, reserved 1048576K
}
Event: 109.550 GC heap after
{Heap after GC invocations=30 (full 0):
 garbage-first heap   total 87040K, used 44152K [0x00000000c1600000, 0x0000000100000000)
  region size 1024K, 1 young (1024K), 1 survivors (1024K)
 Metaspace       used 27192K, committed 27584K, reserved 1081344K
  class space    used 2968K, committed 3200K, reserved 1048576K
}

